<?xml version="1.0" encoding="UTF-8"?>
<!-- Generated by org.testng.reporters.JUnitReportReporter -->
<testsuite hostname="Rownak" failures="0" tests="2" name="runners.TestRunner" time="0.043" errors="0" timestamp="24 Feb 2024 21:49:42 GMT">
  <testcase classname="runners.TestRunner" name="runScenario" time="0.002"/>
  <testcase classname="runners.TestRunner" name="runScenario" time="0.041"/>
</testsuite> <!-- runners.TestRunner -->
